2016-04-30T07:39:04.162+0800 I CONTROL  Hotfix KB2731284 or later update is not installed, will zero-out data files
2016-04-30T07:39:04.172+0800 I CONTROL  Trying to start Windows service 'MongoDB'
2016-04-30T07:39:04.172+0800 I STORAGE  Service running
2016-04-30T07:39:04.192+0800 W -        [initandlisten] Detected unclean shutdown - D:\node\rss.sportsnews\database\mongod.lock is not empty.
2016-04-30T07:39:04.220+0800 I JOURNAL  [initandlisten] journal dir=D:\node\rss.sportsnews\database\journal
2016-04-30T07:39:04.221+0800 I JOURNAL  [initandlisten] recover begin
2016-04-30T07:39:04.222+0800 I JOURNAL  [initandlisten] recover lsn: 0
2016-04-30T07:39:04.222+0800 I JOURNAL  [initandlisten] recover D:\node\rss.sportsnews\database\journal\j._0
2016-04-30T07:39:04.449+0800 I JOURNAL  [initandlisten] recover cleaning up
2016-04-30T07:39:04.449+0800 I JOURNAL  [initandlisten] removeJournalFiles
2016-04-30T07:39:04.451+0800 I JOURNAL  [initandlisten] recover done
2016-04-30T07:39:04.492+0800 I JOURNAL  [durability] Durability thread started
2016-04-30T07:39:04.492+0800 I JOURNAL  [journal writer] Journal writer thread started
2016-04-30T07:39:04.678+0800 I CONTROL  [initandlisten] MongoDB starting : pid=2124 port=27017 dbpath=D:\node\rss.sportsnews\database 64-bit host=DST59985
2016-04-30T07:39:04.678+0800 I CONTROL  [initandlisten] targetMinOS: Windows 7/Windows Server 2008 R2
2016-04-30T07:39:04.678+0800 I CONTROL  [initandlisten] db version v3.0.3
2016-04-30T07:39:04.678+0800 I CONTROL  [initandlisten] git version: b40106b36eecd1b4407eb1ad1af6bc60593c6105
2016-04-30T07:39:04.678+0800 I CONTROL  [initandlisten] OpenSSL version: OpenSSL 1.0.1m-fips 19 Mar 2015
2016-04-30T07:39:04.678+0800 I CONTROL  [initandlisten] build info: windows sys.getwindowsversion(major=6, minor=1, build=7601, platform=2, service_pack='Service Pack 1') BOOST_LIB_VERSION=1_49
2016-04-30T07:39:04.678+0800 I CONTROL  [initandlisten] allocator: system
2016-04-30T07:39:04.678+0800 I CONTROL  [initandlisten] options: { service: true, storage: { dbPath: "D:\node\rss.sportsnews\database" }, systemLog: { destination: "file", path: "D:\node\rss.sportsnews\database\log\BnjlbDb.log" } }
2016-04-30T07:39:05.260+0800 I NETWORK  [initandlisten] waiting for connections on port 27017
